<?xml version="1.0" encoding="UTF-8"?>
<testsuite xmlns:xsi="http://www.w3.org/2001/XMLSchema-instance" xsi:noNamespaceSchemaLocation="https://maven.apache.org/surefire/maven-surefire-plugin/xsd/surefire-test-report.xsd" name="com.philiphamilton.linkedlist.SinglyLinkedListTest" time="0.023" tests="5" errors="0" skipped="0" failures="0">
  <properties>
    <property name="java.specification.version" value="14"/>
    <property name="sun.cpu.isalist" value="amd64"/>
    <property name="sun.jnu.encoding" value="Cp1252"/>
    <property name="java.class.path" value="D:\code\java-algo-refresher\target\test-classes;D:\code\java-algo-refresher\target\classes;C:\Users\phil_\.m2\repository\org\junit\jupiter\junit-jupiter-api\5.5.1\junit-jupiter-api-5.5.1.jar;C:\Users\phil_\.m2\repository\org\apiguardian\apiguardian-api\1.1.0\apiguardian-api-1.1.0.jar;C:\Users\phil_\.m2\repository\org\opentest4j\opentest4j\1.2.0\opentest4j-1.2.0.jar;C:\Users\phil_\.m2\repository\org\junit\platform\junit-platform-commons\1.5.1\junit-platform-commons-1.5.1.jar;C:\Users\phil_\.m2\repository\org\junit\jupiter\junit-jupiter-engine\5.5.1\junit-jupiter-engine-5.5.1.jar;C:\Users\phil_\.m2\repository\org\junit\platform\junit-platform-engine\1.5.1\junit-platform-engine-1.5.1.jar;"/>
    <property name="java.vm.vendor" value="Oracle Corporation"/>
    <property name="sun.arch.data.model" value="64"/>
    <property name="user.variant" value=""/>
    <property name="java.vendor.url" value="https://java.oracle.com/"/>
    <property name="user.timezone" value="America/New_York"/>
    <property name="os.name" value="Windows 10"/>
    <property name="java.vm.specification.version" value="14"/>
    <property name="sun.java.launcher" value="SUN_STANDARD"/>
    <property name="user.country" value="US"/>
    <property name="sun.boot.library.path" value="C:\Users\phil_\.jdks\openjdk-14.0.2\bin"/>
    <property name="sun.java.command" value="C:\Users\phil_\AppData\Local\Temp\surefire3951644476928561625\surefirebooter15100819737888749346.jar C:\Users\phil_\AppData\Local\Temp\surefire3951644476928561625 2020-08-02T11-40-30_135-jvmRun1 surefire12423519012034934504tmp surefire_018330858297710338691tmp"/>
    <property name="jdk.debug" value="release"/>
    <property name="surefire.test.class.path" value="D:\code\java-algo-refresher\target\test-classes;D:\code\java-algo-refresher\target\classes;C:\Users\phil_\.m2\repository\org\junit\jupiter\junit-jupiter-api\5.5.1\junit-jupiter-api-5.5.1.jar;C:\Users\phil_\.m2\repository\org\apiguardian\apiguardian-api\1.1.0\apiguardian-api-1.1.0.jar;C:\Users\phil_\.m2\repository\org\opentest4j\opentest4j\1.2.0\opentest4j-1.2.0.jar;C:\Users\phil_\.m2\repository\org\junit\platform\junit-platform-commons\1.5.1\junit-platform-commons-1.5.1.jar;C:\Users\phil_\.m2\repository\org\junit\jupiter\junit-jupiter-engine\5.5.1\junit-jupiter-engine-5.5.1.jar;C:\Users\phil_\.m2\repository\org\junit\platform\junit-platform-engine\1.5.1\junit-platform-engine-1.5.1.jar;"/>
    <property name="sun.cpu.endian" value="little"/>
    <property name="user.home" value="C:\Users\phil_"/>
    <property name="user.language" value="en"/>
    <property name="java.specification.vendor" value="Oracle Corporation"/>
    <property name="java.version.date" value="2020-07-14"/>
    <property name="java.home" value="C:\Users\phil_\.jdks\openjdk-14.0.2"/>
    <property name="file.separator" value="\"/>
    <property name="basedir" value="D:\code\java-algo-refresher"/>
    <property name="java.vm.compressedOopsMode" value="Zero based"/>
    <property name="line.separator" value="&#10;"/>
    <property name="java.vm.specification.vendor" value="Oracle Corporation"/>
    <property name="java.specification.name" value="Java Platform API Specification"/>
    <property name="idea.version2020.1.1" value="true"/>
    <property name="surefire.real.class.path" value="C:\Users\phil_\AppData\Local\Temp\surefire3951644476928561625\surefirebooter15100819737888749346.jar"/>
    <property name="user.script" value=""/>
    <property name="sun.management.compiler" value="HotSpot 64-Bit Tiered Compilers"/>
    <property name="java.runtime.version" value="14.0.2+12-46"/>
    <property name="user.name" value="phil_"/>
    <property name="path.separator" value=";"/>
    <property name="os.version" value="10.0"/>
    <property name="java.runtime.name" value="OpenJDK Runtime Environment"/>
    <property name="file.encoding" value="Cp1252"/>
    <property name="java.vm.name" value="OpenJDK 64-Bit Server VM"/>
    <property name="localRepository" value="C:\Users\phil_\.m2\repository"/>
    <property name="java.vendor.url.bug" value="https://bugreport.java.com/bugreport/"/>
    <property name="java.io.tmpdir" value="C:\Users\phil_\AppData\Local\Temp\"/>
    <property name="java.version" value="14.0.2"/>
    <property name="user.dir" value="D:\code\java-algo-refresher"/>
    <property name="os.arch" value="amd64"/>
    <property name="java.vm.specification.name" value="Java Virtual Machine Specification"/>
    <property name="sun.os.patch.level" value=""/>
    <property name="java.library.path" value="C:\Users\phil_\.jdks\openjdk-14.0.2\bin;C:\WINDOWS\Sun\Java\bin;C:\WINDOWS\system32;C:\WINDOWS;C:\WINDOWS\system32;C:\WINDOWS;C:\WINDOWS\System32\Wbem;C:\WINDOWS\System32\WindowsPowerShell\v1.0\;C:\WINDOWS\System32\OpenSSH\;C:\Program Files\Intel\WiFi\bin\;C:\Program Files\Common Files\Intel\WirelessCommon\;C:\Tools\Languages\nodejs\;C:\Tools\Langs\java\jdk-13.0.2\bin;C:\Program Files\Git\cmd;C:\Tools\Misc\gradle-5.6.2\bin;C:\Tools\Misc\apache-maven-3.6.2\bin;C:\Tools\Langs\groovy\grails-4.0.2\bin;C:\Tools\Langs\groovy\groovy-3.0.2\bin;C:\Tools\Langs\spring\spring-2.2.5.RELEASE\bin;C:\Tools\Langs\sbt\bin;C:\Tools\Langs\Python\Python37\;C:\Program Files\dotnet\;D:\Langs\Racket;C:\Program Files (x86)\Yarn\bin\;C:\Ruby27-x64\bin;C:\Users\phil_\.cargo\bin;C:\Users\phil_\AppData\Local\Microsoft\WindowsApps;;C:\Users\phil_\AppData\Local\Programs\Microsoft VS Code\bin;C:\Users\phil_\AppData\Roaming\npm;C:\Users\phil_\.dotnet\tools;C:\Users\phil_\AppData\Local\Yarn\bin;."/>
    <property name="java.vm.info" value="mixed mode, sharing"/>
    <property name="java.vendor" value="Oracle Corporation"/>
    <property name="java.vm.version" value="14.0.2+12-46"/>
    <property name="sun.io.unicode.encoding" value="UnicodeLittle"/>
    <property name="java.class.version" value="58.0"/>
  </properties>
  <testcase name="testRemoveFirstWhenEmpty" classname="com.philiphamilton.linkedlist.SinglyLinkedListTest" time="0.013"/>
  <testcase name="testRemoveFirstWithObjects" classname="com.philiphamilton.linkedlist.SinglyLinkedListTest" time="0.002"/>
  <testcase name="testInsertAtBeginning" classname="com.philiphamilton.linkedlist.SinglyLinkedListTest" time="0.002"/>
  <testcase name="testIsEmpty" classname="com.philiphamilton.linkedlist.SinglyLinkedListTest" time="0.001"/>
  <testcase name="testRemoveNth" classname="com.philiphamilton.linkedlist.SinglyLinkedListTest" time="0.001"/>
</testsuite>