<?xml version="1.0" encoding="UTF-8" ?>
<testsuite tests="1" failures="0" name="com.philiphamilton.AppTest" time="0.001" errors="0" skipped="0">
  <properties>
    <property name="java.runtime.name" value="OpenJDK Runtime Environment"/>
    <property name="java.vm.version" value="14.0.2+12-46"/>
    <property name="sun.boot.library.path" value="C:\Users\phil_\.jdks\openjdk-14.0.2\bin"/>
    <property name="maven.multiModuleProjectDirectory" value="D:\code\java-algo-refresher"/>
    <property name="java.vm.vendor" value="Oracle Corporation"/>
    <property name="java.vendor.url" value="https://java.oracle.com/"/>
    <property name="guice.disable.misplaced.annotation.check" value="true"/>
    <property name="path.separator" value=";"/>
    <property name="java.vm.name" value="OpenJDK 64-Bit Server VM"/>
    <property name="sun.os.patch.level" value=""/>
    <property name="user.script" value=""/>
    <property name="user.country" value="US"/>
    <property name="sun.java.launcher" value="SUN_STANDARD"/>
    <property name="java.vm.specification.name" value="Java Virtual Machine Specification"/>
    <property name="user.dir" value="D:\code\java-algo-refresher"/>
    <property name="java.vm.compressedOopsMode" value="Zero based"/>
    <property name="java.runtime.version" value="14.0.2+12-46"/>
    <property name="os.arch" value="amd64"/>
    <property name="java.io.tmpdir" value="C:\Users\phil_\AppData\Local\Temp\"/>
    <property name="line.separator" value="
"/>
    <property name="java.vm.specification.vendor" value="Oracle Corporation"/>
    <property name="user.variant" value=""/>
    <property name="os.name" value="Windows 10"/>
    <property name="maven.ext.class.path" value="C:\Users\phil_\AppData\Local\JetBrains\Toolbox\apps\IDEA-U\ch-0\201.7223.91\plugins\maven\lib\maven-event-listener.jar"/>
    <property name="classworlds.conf" value="C:\Users\phil_\AppData\Local\JetBrains\Toolbox\apps\IDEA-U\ch-0\201.7223.91\plugins\maven\lib\maven3\bin\m2.conf"/>
    <property name="sun.jnu.encoding" value="Cp1252"/>
    <property name="java.library.path" value="C:\Users\phil_\.jdks\openjdk-14.0.2\bin;C:\WINDOWS\Sun\Java\bin;C:\WINDOWS\system32;C:\WINDOWS;C:\WINDOWS\system32;C:\WINDOWS;C:\WINDOWS\System32\Wbem;C:\WINDOWS\System32\WindowsPowerShell\v1.0\;C:\WINDOWS\System32\OpenSSH\;C:\Program Files\Intel\WiFi\bin\;C:\Program Files\Common Files\Intel\WirelessCommon\;C:\Tools\Languages\nodejs\;C:\Tools\Langs\java\jdk-13.0.2\bin;C:\Program Files\Git\cmd;C:\Tools\Misc\gradle-5.6.2\bin;C:\Tools\Misc\apache-maven-3.6.2\bin;C:\Tools\Langs\groovy\grails-4.0.2\bin;C:\Tools\Langs\groovy\groovy-3.0.2\bin;C:\Tools\Langs\spring\spring-2.2.5.RELEASE\bin;C:\Tools\Langs\sbt\bin;C:\Tools\Langs\Python\Python37\;C:\Program Files\dotnet\;D:\Langs\Racket;C:\Program Files (x86)\Yarn\bin\;C:\Ruby27-x64\bin;C:\Users\phil_\.cargo\bin;C:\Users\phil_\AppData\Local\Microsoft\WindowsApps;;C:\Users\phil_\AppData\Local\Programs\Microsoft VS Code\bin;C:\Users\phil_\AppData\Roaming\npm;C:\Users\phil_\.dotnet\tools;C:\Users\phil_\AppData\Local\Yarn\bin;."/>
    <property name="maven.conf" value="C:\Users\phil_\AppData\Local\JetBrains\Toolbox\apps\IDEA-U\ch-0\201.7223.91\plugins\maven\lib\maven3/conf"/>
    <property name="jdk.debug" value="release"/>
    <property name="java.class.version" value="58.0"/>
    <property name="java.specification.name" value="Java Platform API Specification"/>
    <property name="sun.management.compiler" value="HotSpot 64-Bit Tiered Compilers"/>
    <property name="os.version" value="10.0"/>
    <property name="user.home" value="C:\Users\phil_"/>
    <property name="user.timezone" value="America/New_York"/>
    <property name="file.encoding" value="UTF-8"/>
    <property name="java.specification.version" value="14"/>
    <property name="user.name" value="phil_"/>
    <property name="java.class.path" value="C:\Users\phil_\AppData\Local\JetBrains\Toolbox\apps\IDEA-U\ch-0\201.7223.91\plugins\maven\lib\maven3\boot\plexus-classworlds-2.6.0.jar;C:\Users\phil_\AppData\Local\JetBrains\Toolbox\apps\IDEA-U\ch-0\201.7223.91\plugins\maven\lib\maven3\boot\plexus-classworlds.license"/>
    <property name="java.vm.specification.version" value="14"/>
    <property name="sun.arch.data.model" value="64"/>
    <property name="sun.java.command" value="org.codehaus.classworlds.Launcher -Didea.version2020.1.1 install"/>
    <property name="java.home" value="C:\Users\phil_\.jdks\openjdk-14.0.2"/>
    <property name="user.language" value="en"/>
    <property name="java.specification.vendor" value="Oracle Corporation"/>
    <property name="idea.version2020.1.1" value="true"/>
    <property name="java.vm.info" value="mixed mode, sharing"/>
    <property name="java.version" value="14.0.2"/>
    <property name="java.vendor" value="Oracle Corporation"/>
    <property name="maven.home" value="C:\Users\phil_\AppData\Local\JetBrains\Toolbox\apps\IDEA-U\ch-0\201.7223.91\plugins\maven\lib\maven3"/>
    <property name="file.separator" value="\"/>
    <property name="java.version.date" value="2020-07-14"/>
    <property name="java.vendor.url.bug" value="https://bugreport.java.com/bugreport/"/>
    <property name="sun.io.unicode.encoding" value="UnicodeLittle"/>
    <property name="sun.cpu.endian" value="little"/>
    <property name="sun.cpu.isalist" value="amd64"/>
  </properties>
  <testcase classname="com.philiphamilton.AppTest" name="com.philiphamilton.AppTest.testApp" time="0.001"/>
</testsuite>